2014-08-07 21:46:28.069 Cookle[14091:80b] Multi-tasking -> Device: YES, App: YES
2014-08-07 21:46:28.123 Cookle[14091:80b] Unlimited access to network resources
2014-08-07 21:46:28.160 Cookle[14091:80b] 

Started backup to iCloud! Please be careful.
Your application might rejected by Apple if you store too much data.
For more information please read "iOS Data Storage Guidelines"
You could find it at the following address https://developer.apple.com/icloud/documentation/data-storage/ .

2014-08-07 21:46:28.852 Cookle[14091:80b] Resetting plugins due to page load.
2014-08-07 21:46:29.055 Cookle[14091:80b] Finished load of: file:///Users/rocketparty/Library/Application%20Support/iPhone%20Simulator/7.0/Applications/A024BA64-1C83-44FF-982C-824C71BF4C91/Cookle.app/www/index.html
2014-08-07 22:34:31.502 Cookle[15345:80b] Multi-tasking -> Device: YES, App: YES
2014-08-07 22:34:31.512 Cookle[15345:80b] Unlimited access to network resources
2014-08-07 22:34:31.515 Cookle[15345:80b] 

Started backup to iCloud! Please be careful.
Your application might rejected by Apple if you store too much data.
For more information please read "iOS Data Storage Guidelines"
You could find it at the following address https://developer.apple.com/icloud/documentation/data-storage/ .

2014-08-07 22:34:31.680 Cookle[15345:80b] Resetting plugins due to page load.
2014-08-07 22:34:31.765 Cookle[15345:80b] Finished load of: file:///Users/rocketparty/Library/Application%20Support/iPhone%20Simulator/7.0/Applications/A024BA64-1C83-44FF-982C-824C71BF4C91/Cookle.app/www/index.html
2014-08-07 22:35:12.435 Cookle[15532:80b] Multi-tasking -> Device: YES, App: YES
2014-08-07 22:35:12.444 Cookle[15532:80b] Unlimited access to network resources
2014-08-07 22:35:12.448 Cookle[15532:80b] 

Started backup to iCloud! Please be careful.
Your application might rejected by Apple if you store too much data.
For more information please read "iOS Data Storage Guidelines"
You could find it at the following address https://developer.apple.com/icloud/documentation/data-storage/ .

2014-08-07 22:35:12.607 Cookle[15532:80b] Resetting plugins due to page load.
2014-08-07 22:35:12.672 Cookle[15532:80b] Finished load of: file:///Users/rocketparty/Library/Application%20Support/iPhone%20Simulator/7.0/Applications/A024BA64-1C83-44FF-982C-824C71BF4C91/Cookle.app/www/index.html
2014-08-07 22:38:23.378 Cookle[15728:80b] Multi-tasking -> Device: YES, App: YES
2014-08-07 22:38:23.388 Cookle[15728:80b] Unlimited access to network resources
2014-08-07 22:38:23.392 Cookle[15728:80b] 

Started backup to iCloud! Please be careful.
Your application might rejected by Apple if you store too much data.
For more information please read "iOS Data Storage Guidelines"
You could find it at the following address https://developer.apple.com/icloud/documentation/data-storage/ .

2014-08-07 22:38:23.467 Cookle[15728:80b] Resetting plugins due to page load.
2014-08-07 22:38:23.698 Cookle[15728:80b] Finished load of: file:///Users/rocketparty/Library/Application%20Support/iPhone%20Simulator/7.0/Applications/A024BA64-1C83-44FF-982C-824C71BF4C91/Cookle.app/www/index.html
Terminating in response to SpringBoard's termination.
2014-08-07 22:38:52.169 Cookle[15910:80b] Multi-tasking -> Device: YES, App: YES
2014-08-07 22:38:52.181 Cookle[15910:80b] Unlimited access to network resources
2014-08-07 22:38:52.184 Cookle[15910:80b] 

Started backup to iCloud! Please be careful.
Your application might rejected by Apple if you store too much data.
For more information please read "iOS Data Storage Guidelines"
You could find it at the following address https://developer.apple.com/icloud/documentation/data-storage/ .

2014-08-07 22:38:52.492 Cookle[15910:80b] Resetting plugins due to page load.
2014-08-07 22:38:53.214 Cookle[15910:80b] Finished load of: file:///Users/rocketparty/Library/Application%20Support/iPhone%20Simulator/7.0/Applications/A024BA64-1C83-44FF-982C-824C71BF4C91/Cookle.app/www/index.html
2014-08-07 22:42:02.564 Cookle[16116:80b] Multi-tasking -> Device: YES, App: YES
2014-08-07 22:42:02.574 Cookle[16116:80b] Unlimited access to network resources
2014-08-07 22:42:02.578 Cookle[16116:80b] 

Started backup to iCloud! Please be careful.
Your application might rejected by Apple if you store too much data.
For more information please read "iOS Data Storage Guidelines"
You could find it at the following address https://developer.apple.com/icloud/documentation/data-storage/ .

2014-08-07 22:42:02.655 Cookle[16116:80b] Resetting plugins due to page load.
2014-08-07 22:42:02.861 Cookle[16116:80b] Finished load of: file:///Users/rocketparty/Library/Application%20Support/iPhone%20Simulator/7.0/Applications/A024BA64-1C83-44FF-982C-824C71BF4C91/Cookle.app/www/index.html
2014-08-07 22:44:07.676 Cookle[16390:80b] Multi-tasking -> Device: YES, App: YES
2014-08-07 22:44:07.686 Cookle[16390:80b] Unlimited access to network resources
2014-08-07 22:44:07.691 Cookle[16390:80b] 

Started backup to iCloud! Please be careful.
Your application might rejected by Apple if you store too much data.
For more information please read "iOS Data Storage Guidelines"
You could find it at the following address https://developer.apple.com/icloud/documentation/data-storage/ .

2014-08-07 22:44:07.765 Cookle[16390:80b] Resetting plugins due to page load.
2014-08-07 22:44:07.966 Cookle[16390:80b] Finished load of: file:///Users/rocketparty/Library/Application%20Support/iPhone%20Simulator/7.0/Applications/A024BA64-1C83-44FF-982C-824C71BF4C91/Cookle.app/www/index.html
2014-08-07 22:45:09.968 Cookle[16550:80b] Multi-tasking -> Device: YES, App: YES
2014-08-07 22:45:09.991 Cookle[16550:80b] Unlimited access to network resources
2014-08-07 22:45:09.998 Cookle[16550:80b] 

Started backup to iCloud! Please be careful.
Your application might rejected by Apple if you store too much data.
For more information please read "iOS Data Storage Guidelines"
You could find it at the following address https://developer.apple.com/icloud/documentation/data-storage/ .

2014-08-07 22:45:10.102 Cookle[16550:80b] Resetting plugins due to page load.
2014-08-07 22:45:10.424 Cookle[16550:80b] Finished load of: file:///Users/rocketparty/Library/Application%20Support/iPhone%20Simulator/7.0/Applications/A024BA64-1C83-44FF-982C-824C71BF4C91/Cookle.app/www/index.html
2014-08-07 22:52:32.079 Cookle[16960:80b] Multi-tasking -> Device: YES, App: YES
2014-08-07 22:52:32.089 Cookle[16960:80b] Unlimited access to network resources
2014-08-07 22:52:32.093 Cookle[16960:80b] 

Started backup to iCloud! Please be careful.
Your application might rejected by Apple if you store too much data.
For more information please read "iOS Data Storage Guidelines"
You could find it at the following address https://developer.apple.com/icloud/documentation/data-storage/ .

2014-08-07 22:52:32.322 Cookle[16960:80b] Resetting plugins due to page load.
2014-08-07 22:52:33.001 Cookle[16960:80b] Finished load of: file:///Users/rocketparty/Library/Application%20Support/iPhone%20Simulator/7.0/Applications/A024BA64-1C83-44FF-982C-824C71BF4C91/Cookle.app/www/index.html
2014-08-07 22:54:19.408 Cookle[17135:80b] Multi-tasking -> Device: YES, App: YES
2014-08-07 22:54:19.420 Cookle[17135:80b] Unlimited access to network resources
2014-08-07 22:54:19.423 Cookle[17135:80b] 

Started backup to iCloud! Please be careful.
Your application might rejected by Apple if you store too much data.
For more information please read "iOS Data Storage Guidelines"
You could find it at the following address https://developer.apple.com/icloud/documentation/data-storage/ .

2014-08-07 22:54:19.497 Cookle[17135:80b] Resetting plugins due to page load.
2014-08-07 22:54:20.228 Cookle[17135:80b] Finished load of: file:///Users/rocketparty/Library/Application%20Support/iPhone%20Simulator/7.0/Applications/A024BA64-1C83-44FF-982C-824C71BF4C91/Cookle.app/www/index.html
2014-08-07 22:54:59.424 Cookle[17291:80b] Multi-tasking -> Device: YES, App: YES
2014-08-07 22:54:59.435 Cookle[17291:80b] Unlimited access to network resources
2014-08-07 22:54:59.438 Cookle[17291:80b] 

Started backup to iCloud! Please be careful.
Your application might rejected by Apple if you store too much data.
For more information please read "iOS Data Storage Guidelines"
You could find it at the following address https://developer.apple.com/icloud/documentation/data-storage/ .

2014-08-07 22:54:59.518 Cookle[17291:80b] Resetting plugins due to page load.
2014-08-07 22:54:59.690 Cookle[17291:80b] Finished load of: file:///Users/rocketparty/Library/Application%20Support/iPhone%20Simulator/7.0/Applications/A024BA64-1C83-44FF-982C-824C71BF4C91/Cookle.app/www/index.html
